0 info it worked if it ends with ok
1 verbose cli [ '/usr/local/bin/node', '/usr/local/bin/npm', 'publish' ]
2 info using npm@3.8.9
3 info using node@v6.2.0
4 verbose publish [ '.' ]
5 silly cache add args [ '.', null ]
6 verbose cache add spec .
7 silly cache add parsed spec Result {
7 silly cache add   raw: '.',
7 silly cache add   scope: null,
7 silly cache add   name: null,
7 silly cache add   rawSpec: '.',
7 silly cache add   spec: '/Users/fangyongbao/Desktop/cubeeProject/framework/cubeex',
7 silly cache add   type: 'directory' }
8 verbose addLocalDirectory /Users/fangyongbao/.npm/cubeex/1.1.0/package.tgz not in flight; packing
9 verbose correctMkdir /Users/fangyongbao/.npm correctMkdir not in flight; initializing
10 info lifecycle cubeex@1.1.0~prepublish: cubeex@1.1.0
11 silly lifecycle cubeex@1.1.0~prepublish: no script for prepublish, continuing
12 verbose tar pack [ '/Users/fangyongbao/.npm/cubeex/1.1.0/package.tgz',
12 verbose tar pack   '/Users/fangyongbao/Desktop/cubeeProject/framework/cubeex' ]
13 verbose tarball /Users/fangyongbao/.npm/cubeex/1.1.0/package.tgz
14 verbose folder /Users/fangyongbao/Desktop/cubeeProject/framework/cubeex
15 verbose addLocalTarball adding from inside cache /Users/fangyongbao/.npm/cubeex/1.1.0/package.tgz
16 verbose correctMkdir /Users/fangyongbao/.npm correctMkdir not in flight; initializing
17 silly cache afterAdd cubeex@1.1.0
18 verbose afterAdd /Users/fangyongbao/.npm/cubeex/1.1.0/package/package.json not in flight; writing
19 verbose correctMkdir /Users/fangyongbao/.npm correctMkdir not in flight; initializing
20 verbose afterAdd /Users/fangyongbao/.npm/cubeex/1.1.0/package/package.json written
21 silly publish { name: 'cubeex',
21 silly publish   version: '1.1.0',
21 silly publish   description: 'cubeex vue2.0 UI',
21 silly publish   main: 'src/components/cubeex.js',
21 silly publish   scripts:
21 silly publish    { dev: 'webpack-dev-server --inline --hot --port 3001 --progress --profile --colors --watch --display-error-details  --display-cached  --config ./build/webpack.dev.config.js',
21 silly publish      build: 'webpack --progress --profile --colors --display-error-details --display-cached --bail   --config ./build/webpack.prod.config.js' },
21 silly publish   devDependencies:
21 silly publish    { autoprefixer: '^6.4.1',
21 silly publish      'babel-core': '^6.0.0',
21 silly publish      'babel-loader': '^6.0.0',
21 silly publish      'babel-plugin-transform-runtime': '^6.0.0',
21 silly publish      'babel-preset-es2015': '^6.0.0',
21 silly publish      'babel-preset-stage-2': '^6.0.0',
21 silly publish      'babel-register': '^6.14.0',
21 silly publish      'babel-runtime': '^6.11.6',
21 silly publish      'clean-webpack-plugin': '^0.1.15',
21 silly publish      'css-loader': '^0.23.0',
21 silly publish      express: '^4.13.3',
21 silly publish      'extract-text-webpack-plugin': '^1.0.1',
21 silly publish      'file-loader': '^0.9.0',
21 silly publish      glob: '^7.0.6',
21 silly publish      'html-webpack-plugin': '^2.8.1',
21 silly publish      'json-loader': '^0.5.4',
21 silly publish      'node-sass': '^3.8.0',
21 silly publish      'postcss-loader': '^0.11.1',
21 silly publish      'sass-loader': '^4.0.0',
21 silly publish      'style-loader': '^0.13.1',
21 silly publish      'url-loader': '^0.5.7',
21 silly publish      'vue-hot-reload-api': '^1.2.0',
21 silly publish      'vue-html-loader': '^1.2.3',
21 silly publish      'vue-loader': '^9.4.0',
21 silly publish      'vue-style-loader': '^1.0.0',
21 silly publish      webpack: '^1.13.2' },
21 silly publish   dependencies:
21 silly publish    { 'babel-polyfill': '^6.20.0',
21 silly publish      fastclick: '^1.0.6',
21 silly publish      iscroll: '^4.2.5',
21 silly publish      jquery: '^3.1.0',
21 silly publish      keycode: '^2.1.8',
21 silly publish      photoswipe: '^4.1.1',
21 silly publish      vue: '^2.0.3',
21 silly publish      'vue-resource': '^0.9.3',
21 silly publish      'vue-router': '^2.0.1',
21 silly publish      vuex: '^2.1.2',
21 silly publish      'vux-xscroll': '^3.1.8' },
21 silly publish   readme: '# cubeex #\n\n[项目地址](http://www.best-html5.net/cubee/cubeex)\n\n![cubeex logo](http://zqmfcdn.huanhuba.com/publicH5/img/cubeex/logo.png)\n\ncubeex是基于vue2.0开发的组件库，将包含一套完整的移动UI。这也是[魔方元科技](http://www.cubee.com)开源的首个H5相关的项目, 这里有一群对前端技术狂热的追求者, 如果你对我们的研发感兴趣，欢迎fork。\n\nPS: cubeex目前在持续更新中，组件将逐步完善，旨在创建一套完善的基于vue2.0的移动端组件库。\n\n**webpack配置**<br>\ncubeex项目开发、打包的webpack配置没有基于vue-cli， 配置清晰简单, 可以作为webpack学习的教程。\n>\n1. package.json  定义项目依赖模块 以及 定义开启服务器和打包命令\n2. helpers.js  获取入口文件和html文件\n3. webpack.base.config.js  定义webpack基础配置\n4. webpack.dev.config.js   定义webpack开发配置\n5. webpack.prod.config.js  定义webpack生产配置\n\n**目前包含的组件**<br>\n>\n[pull-up-refresh(上拉刷新/下拉加载 基于iscroll4)](http://www.best-html5.net/cubee/cubeex/#/pull-refresh-iscroll)<br>\n[pull-up-refresh(上拉刷新/下拉加载 基于xscroll)](http://www.best-html5.net/cubee/cubeex/#/pull-refresh-xscroll)<br>\n[pull-up-refresh(上拉刷新/下拉加载 使用原生滚动实现)](http://www.best-html5.net/cubee/cubeex/#/pull-refresh-nscroll)<br>\n[swiper(无缝切换)](http://www.best-html5.net/cubee/cubeex/#/swiper)<br>\n[addressBook(通讯录)](http://www.best-html5.net/cubee/cubeex/#/address-book)<br>\n[previewer(图片预览)](http://www.best-html5.net/cubee/cubeex/#/previewer)<br>\n[qrcode(生成二维码)](http://www.best-html5.net/cubee/cubeex/#/qrcode)<br>\n[radio（单选框）](http://www.best-html5.net/cubee/cubeex/#/radio)<br>\n[checkbox（复选框）](http://www.best-html5.net/cubee/cubeex/#/checkbox)<br>\n[select-drop(下拉框-下拉)](http://www.best-html5.net/cubee/cubeex/#/select)<br>\n[select-scroll(下拉框-滚动)](http://www.best-html5.net/cubee/cubeex/#/select-scroll)<br>\n[area-scroll(地区联动-滚动)](http://www.best-html5.net/cubee/cubeex/#/area)<br>\n[datetime-scroll(日期筛选-滚动)](http://www.best-html5.net/cubee/cubeex/#/datetime)<br>\n[dialog(弹窗)](http://www.best-html5.net/cubee/cubeex/#/dialog)<br>\n[qq(qq在线客服)](http://www.best-html5.net/cubee/cubeex/#/qq)<br>\n**使用方式：**<br>\n>\n\n1. 执行cnpm install webpack-dev-server -g 全局安装webpack-dev-server\n2. 根目录下执行 cnpm install 安装项目依赖模块<br>\n3. 执行 npm run dev<br>\n4. 浏览器访问http://localhost:3001<br>\n5. npm run build打包\n',
21 silly publish   readmeFilename: 'README.md',
21 silly publish   gitHead: '9de7199512b3c85e7fc6cd050744d6e45480c3a0',
21 silly publish   _id: 'cubeex@1.1.0',
21 silly publish   _shasum: '4e7e4815d3c846a4056f3e6ec76cbf35e930bed5',
21 silly publish   _from: '.' }
22 verbose getPublishConfig undefined
23 silly mapToRegistry name cubeex
24 silly mapToRegistry using default registry
25 silly mapToRegistry registry https://registry.npmjs.org/
26 silly mapToRegistry data Result {
26 silly mapToRegistry   raw: 'cubeex',
26 silly mapToRegistry   scope: null,
26 silly mapToRegistry   name: 'cubeex',
26 silly mapToRegistry   rawSpec: '',
26 silly mapToRegistry   spec: 'latest',
26 silly mapToRegistry   type: 'tag' }
27 silly mapToRegistry uri https://registry.npmjs.org/cubeex
28 verbose publish registryBase https://registry.npmjs.org/
29 silly publish uploading /Users/fangyongbao/.npm/cubeex/1.1.0/package.tgz
30 verbose request uri https://registry.npmjs.org/cubeex
31 verbose request sending authorization for write operation
32 info attempt registry request try #1 at 16:54:11
33 verbose request using bearer token for auth
34 verbose request id e8fcabe00ec86c06
35 http request PUT https://registry.npmjs.org/cubeex
36 http 403 https://registry.npmjs.org/cubeex
37 verbose headers { 'content-type': 'application/json',
37 verbose headers   'cache-control': 'max-age=300',
37 verbose headers   'content-length': '95',
37 verbose headers   'accept-ranges': 'bytes',
37 verbose headers   date: 'Thu, 23 Feb 2017 08:54:13 GMT',
37 verbose headers   via: '1.1 varnish',
37 verbose headers   connection: 'keep-alive',
37 verbose headers   'x-served-by': 'cache-nrt6133-NRT',
37 verbose headers   'x-cache': 'MISS',
37 verbose headers   'x-cache-hits': '0',
37 verbose headers   'x-timer': 'S1487840052.139686,VS0,VE1760',
37 verbose headers   vary: 'Accept-Encoding' }
38 verbose request invalidating /Users/fangyongbao/.npm/registry.npmjs.org/cubeex on PUT
39 error publish Failed PUT 403
40 verbose stack Error: "You cannot publish over the previously published version 1.1.0." : cubeex
40 verbose stack     at makeError (/usr/local/lib/node_modules/npm/node_modules/npm-registry-client/lib/request.js:264:12)
40 verbose stack     at CachingRegistryClient.<anonymous> (/usr/local/lib/node_modules/npm/node_modules/npm-registry-client/lib/request.js:252:14)
40 verbose stack     at Request._callback (/usr/local/lib/node_modules/npm/node_modules/npm-registry-client/lib/request.js:172:14)
40 verbose stack     at Request.self.callback (/usr/local/lib/node_modules/npm/node_modules/request/request.js:200:22)
40 verbose stack     at emitTwo (events.js:106:13)
40 verbose stack     at Request.emit (events.js:191:7)
40 verbose stack     at Request.<anonymous> (/usr/local/lib/node_modules/npm/node_modules/request/request.js:1067:10)
40 verbose stack     at emitOne (events.js:101:20)
40 verbose stack     at Request.emit (events.js:188:7)
40 verbose stack     at IncomingMessage.<anonymous> (/usr/local/lib/node_modules/npm/node_modules/request/request.js:988:12)
41 verbose statusCode 403
42 verbose pkgid cubeex
43 verbose cwd /Users/fangyongbao/Desktop/cubeeProject/framework/cubeex
44 error Darwin 16.0.0
45 error argv "/usr/local/bin/node" "/usr/local/bin/npm" "publish"
46 error node v6.2.0
47 error npm  v3.8.9
48 error code E403
49 error "You cannot publish over the previously published version 1.1.0." : cubeex
50 error If you need help, you may report this error at:
50 error     <https://github.com/npm/npm/issues>
51 verbose exit [ 1, true ]
